2022-10-28 11:12:43 [restartedMain] INFO  : Starting EmsApplication using Java 17.0.4.1 on rushi with PID 9688 (C:\Users\Rushikesh\Documents\workspace-spring-tool-suite-4-4.16.0.RELEASE\ems.zip_expanded.zip_expanded.zip_expanded\ems.zip_expanded.zip_expanded\ems.zip_expanded\ems\target\classes started by Rushikesh in C:\Users\Rushikesh\Documents\workspace-spring-tool-suite-4-4.16.0.RELEASE\ems.zip_expanded.zip_expanded.zip_expanded\ems.zip_expanded.zip_expanded\ems.zip_expanded\ems)
2022-10-28 11:12:43 [restartedMain] INFO  : No active profile set, falling back to 1 default profile: "default"
2022-10-28 11:12:44 [restartedMain] INFO  : Devtools property defaults active! Set 'spring.devtools.add-properties' to 'false' to disable
2022-10-28 11:12:44 [restartedMain] INFO  : For additional web related logging consider setting the 'logging.level.web' property to 'DEBUG'
2022-10-28 11:12:45 [restartedMain] INFO  : Multiple Spring Data modules found, entering strict repository configuration mode
2022-10-28 11:12:45 [restartedMain] INFO  : Bootstrapping Spring Data JPA repositories in DEFAULT mode.
2022-10-28 11:12:45 [restartedMain] INFO  : Spring Data JPA - Could not safely identify store assignment for repository candidate interface com.te.ems.mongodbRepo.Extradata; If you want this repository to be a JPA repository, consider annotating your entities with one of these annotations: javax.persistence.Entity, javax.persistence.MappedSuperclass (preferred), or consider extending one of the following types with your repository: org.springframework.data.jpa.repository.JpaRepository
2022-10-28 11:12:45 [restartedMain] INFO  : Spring Data JPA - Could not safely identify store assignment for repository candidate interface com.te.ems.mongodbRepo.Extradataa; If you want this repository to be a JPA repository, consider annotating your entities with one of these annotations: javax.persistence.Entity, javax.persistence.MappedSuperclass (preferred), or consider extending one of the following types with your repository: org.springframework.data.jpa.repository.JpaRepository
2022-10-28 11:12:45 [restartedMain] INFO  : Finished Spring Data repository scanning in 64 ms. Found 1 JPA repository interfaces.
2022-10-28 11:12:46 [restartedMain] INFO  : Tomcat initialized with port(s): 9090 (http)
2022-10-28 11:12:46 [restartedMain] INFO  : Initializing ProtocolHandler ["http-nio-9090"]
2022-10-28 11:12:46 [restartedMain] INFO  : Starting service [Tomcat]
2022-10-28 11:12:46 [restartedMain] INFO  : Starting Servlet engine: [Apache Tomcat/9.0.65]
2022-10-28 11:12:46 [restartedMain] INFO  : Initializing Spring embedded WebApplicationContext
2022-10-28 11:12:46 [restartedMain] INFO  : Root WebApplicationContext: initialization completed in 2464 ms
2022-10-28 11:12:46 [restartedMain] INFO  : HHH000204: Processing PersistenceUnitInfo [name: default]
2022-10-28 11:12:46 [restartedMain] INFO  : HHH000412: Hibernate ORM core version 5.6.11.Final
2022-10-28 11:12:47 [restartedMain] INFO  : HCANN000001: Hibernate Commons Annotations {5.1.2.Final}
2022-10-28 11:12:47 [restartedMain] INFO  : HikariPool-1 - Starting...
2022-10-28 11:12:47 [restartedMain] INFO  : HikariPool-1 - Start completed.
2022-10-28 11:12:47 [restartedMain] INFO  : HHH000400: Using dialect: org.hibernate.dialect.MySQL8Dialect
2022-10-28 11:12:48 [restartedMain] INFO  : HHH000490: Using JtaPlatform implementation: [org.hibernate.engine.transaction.jta.platform.internal.NoJtaPlatform]
2022-10-28 11:12:48 [restartedMain] INFO  : Initialized JPA EntityManagerFactory for persistence unit 'default'
2022-10-28 11:12:49 [restartedMain] WARN  : spring.jpa.open-in-view is enabled by default. Therefore, database queries may be performed during view rendering. Explicitly configure spring.jpa.open-in-view to disable this warning
2022-10-28 11:12:50 [restartedMain] INFO  : LiveReload server is running on port 35729
2022-10-28 11:12:50 [restartedMain] INFO  : Starting ProtocolHandler ["http-nio-9090"]
2022-10-28 11:12:50 [restartedMain] INFO  : Tomcat started on port(s): 9090 (http) with context path ''
2022-10-28 11:12:50 [restartedMain] INFO  : Started EmsApplication in 7.332 seconds (JVM running for 8.712)
2022-10-28 11:14:30 [http-nio-9090-exec-1] INFO  : Initializing Spring DispatcherServlet 'dispatcherServlet'
2022-10-28 11:14:30 [http-nio-9090-exec-1] INFO  : Initializing Servlet 'dispatcherServlet'
2022-10-28 11:14:30 [http-nio-9090-exec-1] INFO  : Completed initialization in 3 ms
2022-10-28 11:14:30 [http-nio-9090-exec-1] INFO  : Adding Employee
2022-10-28 11:14:30 [http-nio-9090-exec-1] WARN  : Enter Data Carefully
2022-10-28 11:14:31 [http-nio-9090-exec-1] ERROR : Servlet.service() for servlet [dispatcherServlet] in context with path [] threw exception [Request processing failed; nested exception is java.lang.NullPointerException: Cannot invoke "com.te.ems.mongodbRepo.Extradata.save(Object)" because "this.extradata" is null] with root cause
java.lang.NullPointerException: Cannot invoke "com.te.ems.mongodbRepo.Extradata.save(Object)" because "this.extradata" is null
	at com.te.ems.services.Serviceimplementation.addemployee(Serviceimplementation.java:44)
	at com.te.ems.services.Serviceimplementation$$FastClassBySpringCGLIB$$fed25f6a.invoke(<generated>)
	at org.springframework.cglib.proxy.MethodProxy.invoke(MethodProxy.java:218)
	at org.springframework.aop.framework.CglibAopProxy$CglibMethodInvocation.invokeJoinpoint(CglibAopProxy.java:793)
	at org.springframework.aop.framework.ReflectiveMethodInvocation.proceed(ReflectiveMethodInvocation.java:163)
	at org.springframework.aop.framework.CglibAopProxy$CglibMethodInvocation.proceed(CglibAopProxy.java:763)
	at org.springframework.transaction.interceptor.TransactionInterceptor$1.proceedWithInvocation(TransactionInterceptor.java:123)
	at org.springframework.transaction.interceptor.TransactionAspectSupport.invokeWithinTransaction(TransactionAspectSupport.java:388)
	at org.springframework.transaction.interceptor.TransactionInterceptor.invoke(TransactionInterceptor.java:119)
	at org.springframework.aop.framework.ReflectiveMethodInvocation.proceed(ReflectiveMethodInvocation.java:186)
	at org.springframework.aop.framework.CglibAopProxy$CglibMethodInvocation.proceed(CglibAopProxy.java:763)
	at org.springframework.aop.framework.CglibAopProxy$DynamicAdvisedInterceptor.intercept(CglibAopProxy.java:708)
	at com.te.ems.services.Serviceimplementation$$EnhancerBySpringCGLIB$$7e28ddbb.addemployee(<generated>)
	at com.te.ems.controller.EmployeeController.addEmployee(EmployeeController.java:43)
	at java.base/jdk.internal.reflect.NativeMethodAccessorImpl.invoke0(Native Method)
	at java.base/jdk.internal.reflect.NativeMethodAccessorImpl.invoke(NativeMethodAccessorImpl.java:77)
	at java.base/jdk.internal.reflect.DelegatingMethodAccessorImpl.invoke(DelegatingMethodAccessorImpl.java:43)
	at java.base/java.lang.reflect.Method.invoke(Method.java:568)
	at org.springframework.web.method.support.InvocableHandlerMethod.doInvoke(InvocableHandlerMethod.java:205)
	at org.springframework.web.method.support.InvocableHandlerMethod.invokeForRequest(InvocableHandlerMethod.java:150)
	at org.springframework.web.servlet.mvc.method.annotation.ServletInvocableHandlerMethod.invokeAndHandle(ServletInvocableHandlerMethod.java:117)
	at org.springframework.web.servlet.mvc.method.annotation.RequestMappingHandlerAdapter.invokeHandlerMethod(RequestMappingHandlerAdapter.java:895)
	at org.springframework.web.servlet.mvc.method.annotation.RequestMappingHandlerAdapter.handleInternal(RequestMappingHandlerAdapter.java:808)
	at org.springframework.web.servlet.mvc.method.AbstractHandlerMethodAdapter.handle(AbstractHandlerMethodAdapter.java:87)
	at org.springframework.web.servlet.DispatcherServlet.doDispatch(DispatcherServlet.java:1071)
	at org.springframework.web.servlet.DispatcherServlet.doService(DispatcherServlet.java:964)
	at org.springframework.web.servlet.FrameworkServlet.processRequest(FrameworkServlet.java:1006)
	at org.springframework.web.servlet.FrameworkServlet.doPost(FrameworkServlet.java:909)
	at javax.servlet.http.HttpServlet.service(HttpServlet.java:681)
	at org.springframework.web.servlet.FrameworkServlet.service(FrameworkServlet.java:883)
	at javax.servlet.http.HttpServlet.service(HttpServlet.java:764)
	at org.apache.catalina.core.ApplicationFilterChain.internalDoFilter(ApplicationFilterChain.java:227)
	at org.apache.catalina.core.ApplicationFilterChain.doFilter(ApplicationFilterChain.java:162)
	at org.apache.tomcat.websocket.server.WsFilter.doFilter(WsFilter.java:53)
	at org.apache.catalina.core.ApplicationFilterChain.internalDoFilter(ApplicationFilterChain.java:189)
	at org.apache.catalina.core.ApplicationFilterChain.doFilter(ApplicationFilterChain.java:162)
	at org.springframework.web.filter.RequestContextFilter.doFilterInternal(RequestContextFilter.java:100)
	at org.springframework.web.filter.OncePerRequestFilter.doFilter(OncePerRequestFilter.java:117)
	at org.apache.catalina.core.ApplicationFilterChain.internalDoFilter(ApplicationFilterChain.java:189)
	at org.apache.catalina.core.ApplicationFilterChain.doFilter(ApplicationFilterChain.java:162)
	at org.springframework.web.filter.FormContentFilter.doFilterInternal(FormContentFilter.java:93)
	at org.springframework.web.filter.OncePerRequestFilter.doFilter(OncePerRequestFilter.java:117)
	at org.apache.catalina.core.ApplicationFilterChain.internalDoFilter(ApplicationFilterChain.java:189)
	at org.apache.catalina.core.ApplicationFilterChain.doFilter(ApplicationFilterChain.java:162)
	at org.springframework.web.filter.CharacterEncodingFilter.doFilterInternal(CharacterEncodingFilter.java:201)
	at org.springframework.web.filter.OncePerRequestFilter.doFilter(OncePerRequestFilter.java:117)
	at org.apache.catalina.core.ApplicationFilterChain.internalDoFilter(ApplicationFilterChain.java:189)
	at org.apache.catalina.core.ApplicationFilterChain.doFilter(ApplicationFilterChain.java:162)
	at org.apache.catalina.core.StandardWrapperValve.invoke(StandardWrapperValve.java:197)
	at org.apache.catalina.core.StandardContextValve.invoke(StandardContextValve.java:97)
	at org.apache.catalina.authenticator.AuthenticatorBase.invoke(AuthenticatorBase.java:541)
	at org.apache.catalina.core.StandardHostValve.invoke(StandardHostValve.java:135)
	at org.apache.catalina.valves.ErrorReportValve.invoke(ErrorReportValve.java:92)
	at org.apache.catalina.core.StandardEngineValve.invoke(StandardEngineValve.java:78)
	at org.apache.catalina.connector.CoyoteAdapter.service(CoyoteAdapter.java:360)
	at org.apache.coyote.http11.Http11Processor.service(Http11Processor.java:399)
	at org.apache.coyote.AbstractProcessorLight.process(AbstractProcessorLight.java:65)
	at org.apache.coyote.AbstractProtocol$ConnectionHandler.process(AbstractProtocol.java:890)
	at org.apache.tomcat.util.net.NioEndpoint$SocketProcessor.doRun(NioEndpoint.java:1789)
	at org.apache.tomcat.util.net.SocketProcessorBase.run(SocketProcessorBase.java:49)
	at org.apache.tomcat.util.threads.ThreadPoolExecutor.runWorker(ThreadPoolExecutor.java:1191)
	at org.apache.tomcat.util.threads.ThreadPoolExecutor$Worker.run(ThreadPoolExecutor.java:659)
	at org.apache.tomcat.util.threads.TaskThread$WrappingRunnable.run(TaskThread.java:61)
	at java.base/java.lang.Thread.run(Thread.java:833)
2022-10-28 11:16:36 [File Watcher] INFO  : Restarting due to 1 class path change (0 additions, 1 deletion, 0 modifications)
2022-10-28 11:16:36 [Thread-5] INFO  : Pausing ProtocolHandler ["http-nio-9090"]
2022-10-28 11:16:36 [Thread-5] INFO  : Stopping service [Tomcat]
2022-10-28 11:16:36 [Thread-5] INFO  : Destroying Spring FrameworkServlet 'dispatcherServlet'
2022-10-28 11:16:36 [Thread-5] INFO  : Stopping ProtocolHandler ["http-nio-9090"]
2022-10-28 11:16:36 [Thread-5] INFO  : Destroying ProtocolHandler ["http-nio-9090"]
2022-10-28 11:16:36 [Thread-5] INFO  : Closing JPA EntityManagerFactory for persistence unit 'default'
2022-10-28 11:16:36 [Thread-5] INFO  : HikariPool-1 - Shutdown initiated...
2022-10-28 11:16:36 [Thread-5] INFO  : HikariPool-1 - Shutdown completed.
